[2024-08-18 08:43:43] tradingio.INFO: loading command Eyika\Atom\Framework\Foundation\Console\Commands\Schedule\Run into memory {"signature":""} 
[2024-08-18 08:43:43] tradingio.INFO: loading command Eyika\Atom\Framework\Foundation\Console\Commands\Schedule\Run into memory {"signature":""} 
[2024-08-18 08:45:41] tradingio.INFO: loading command Eyika\Atom\Framework\Foundation\Console\Commands\Schedule\Run into memory {"signature":""} 
[2024-08-18 08:45:41] tradingio.INFO: loading command Eyika\Atom\Framework\Foundation\Console\Commands\Schedule\Run into memory {"signature":""} 
[2024-08-18 08:45:41] tradingio.INFO: loading command Eyika\Atom\Framework\Foundation\Console\Commands\Serve into memory {"signature":""} 
[2024-08-18 08:45:41] tradingio.INFO: loading command Eyika\Atom\Framework\Foundation\Console\Commands\Test into memory {"signature":""} 
[2024-08-18 08:45:41] tradingio.INFO: loading command Eyika\Atom\Framework\Foundation\Console\Commands\Make\Controller into memory {"signature":""} 
[2024-08-18 08:45:41] tradingio.INFO: loading command Eyika\Atom\Framework\Foundation\Console\Commands\Make\Model into memory {"signature":""} 
[2024-08-18 08:45:41] tradingio.INFO: loading command Eyika\Atom\Framework\Foundation\Console\Commands\Make\Seed into memory {"signature":""} 
[2024-08-18 08:45:41] tradingio.INFO: loading command Eyika\Atom\Framework\Foundation\Console\Commands\Make\Migration into memory {"signature":""} 
[2024-08-18 08:45:41] tradingio.INFO: loading command Eyika\Atom\Framework\Foundation\Console\Commands\Make\Migration into memory {"signature":""} 
[2024-08-18 08:45:41] tradingio.INFO: loading command Eyika\Atom\Framework\Foundation\Console\Commands\Queue\Work into memory {"signature":""} 
[2024-08-18 08:45:41] tradingio.INFO: loading command Eyika\Atom\Framework\Foundation\Console\Commands\Queue\Work into memory {"signature":""} 
[2024-08-18 08:45:41] tradingio.INFO: loading command Eyika\Atom\Framework\Foundation\Console\Commands\Db\Migrate into memory {"signature":"migrate"} 
[2024-08-18 08:45:41] tradingio.INFO: loading command Eyika\Atom\Framework\Foundation\Console\Commands\Db\Rollback into memory {"signature":""} 
[2024-08-18 08:45:41] tradingio.INFO: loading command Eyika\Atom\Framework\Foundation\Console\Commands\Db\Seed into memory {"signature":"db:seed"} 
[2024-08-18 08:45:41] tradingio.INFO: loading command Eyika\Atom\Framework\Foundation\Console\Commands\Db\Seed into memory {"signature":"db:seed"} 
[2024-08-18 08:45:41] tradingio.INFO: loading command Eyika\Atom\Framework\Foundation\Console\Commands\Vendor\publish into memory {"signature":""} 
[2024-08-18 08:45:41] tradingio.INFO: loading command Eyika\Atom\Framework\Foundation\Console\Commands\Vendor\publish into memory {"signature":""} 
[2024-08-18 08:57:37] tradingio.INFO: loading command Eyika\Atom\Framework\Foundation\Console\Commands\Schedule\Run into memory {"signature":""} 
[2024-08-18 08:57:37] tradingio.INFO: loading command Eyika\Atom\Framework\Foundation\Console\Commands\Schedule\Run into memory {"signature":""} 
[2024-08-18 08:57:37] tradingio.INFO: loading command Eyika\Atom\Framework\Foundation\Console\Commands\Serve into memory {"signature":""} 
[2024-08-18 08:57:37] tradingio.INFO: loading command Eyika\Atom\Framework\Foundation\Console\Commands\Test into memory {"signature":""} 
[2024-08-18 08:57:37] tradingio.INFO: loading command Eyika\Atom\Framework\Foundation\Console\Commands\Make\Controller into memory {"signature":""} 
[2024-08-18 08:57:37] tradingio.INFO: loading command Eyika\Atom\Framework\Foundation\Console\Commands\Make\Model into memory {"signature":""} 
[2024-08-18 08:57:37] tradingio.INFO: loading command Eyika\Atom\Framework\Foundation\Console\Commands\Make\Seed into memory {"signature":""} 
[2024-08-18 08:57:37] tradingio.INFO: loading command Eyika\Atom\Framework\Foundation\Console\Commands\Make\Migration into memory {"signature":""} 
[2024-08-18 08:57:37] tradingio.INFO: loading command Eyika\Atom\Framework\Foundation\Console\Commands\Make\Migration into memory {"signature":""} 
[2024-08-18 08:57:37] tradingio.INFO: loading command Eyika\Atom\Framework\Foundation\Console\Commands\Queue\Work into memory {"signature":""} 
[2024-08-18 08:57:37] tradingio.INFO: loading command Eyika\Atom\Framework\Foundation\Console\Commands\Queue\Work into memory {"signature":""} 
[2024-08-18 08:57:37] tradingio.INFO: loading command Eyika\Atom\Framework\Foundation\Console\Commands\Db\Migrate into memory {"signature":"migrate"} 
[2024-08-18 08:57:37] tradingio.INFO: loading command Eyika\Atom\Framework\Foundation\Console\Commands\Db\Rollback into memory {"signature":""} 
[2024-08-18 08:57:37] tradingio.INFO: loading command Eyika\Atom\Framework\Foundation\Console\Commands\Db\Seed into memory {"signature":"db:seed"} 
[2024-08-18 08:57:37] tradingio.INFO: loading command Eyika\Atom\Framework\Foundation\Console\Commands\Db\Seed into memory {"signature":"db:seed"} 
[2024-08-18 08:57:37] tradingio.INFO: loading command Eyika\Atom\Framework\Foundation\Console\Commands\Vendor\publish into memory {"signature":""} 
[2024-08-18 08:57:37] tradingio.INFO: loading command Eyika\Atom\Framework\Foundation\Console\Commands\Vendor\publish into memory {"signature":""} 
[2024-08-18 09:04:05] tradingio.INFO: loading command Eyika\Atom\Framework\Foundation\Console\Commands\Schedule\Run into memory {"signature":""} 
[2024-08-18 09:04:05] tradingio.INFO: loading command Eyika\Atom\Framework\Foundation\Console\Commands\Schedule\Run into memory {"signature":""} 
[2024-08-18 09:04:05] tradingio.INFO: loading command Eyika\Atom\Framework\Foundation\Console\Commands\Serve into memory {"signature":""} 
[2024-08-18 09:04:05] tradingio.INFO: loading command Eyika\Atom\Framework\Foundation\Console\Commands\Test into memory {"signature":""} 
[2024-08-18 09:04:05] tradingio.INFO: loading command Eyika\Atom\Framework\Foundation\Console\Commands\Make\Controller into memory {"signature":""} 
[2024-08-18 09:04:05] tradingio.INFO: loading command Eyika\Atom\Framework\Foundation\Console\Commands\Make\Model into memory {"signature":""} 
[2024-08-18 09:04:05] tradingio.INFO: loading command Eyika\Atom\Framework\Foundation\Console\Commands\Make\Seed into memory {"signature":""} 
[2024-08-18 09:04:05] tradingio.INFO: loading command Eyika\Atom\Framework\Foundation\Console\Commands\Make\Migration into memory {"signature":""} 
[2024-08-18 09:04:05] tradingio.INFO: loading command Eyika\Atom\Framework\Foundation\Console\Commands\Make\Migration into memory {"signature":""} 
[2024-08-18 09:04:05] tradingio.INFO: loading command Eyika\Atom\Framework\Foundation\Console\Commands\Queue\Work into memory {"signature":""} 
[2024-08-18 09:04:05] tradingio.INFO: loading command Eyika\Atom\Framework\Foundation\Console\Commands\Queue\Work into memory {"signature":""} 
[2024-08-18 09:04:05] tradingio.INFO: loading command Eyika\Atom\Framework\Foundation\Console\Commands\Db\Migrate into memory {"signature":"migrate"} 
[2024-08-18 09:04:05] tradingio.INFO: loading command Eyika\Atom\Framework\Foundation\Console\Commands\Db\Rollback into memory {"signature":""} 
[2024-08-18 09:04:05] tradingio.INFO: loading command Eyika\Atom\Framework\Foundation\Console\Commands\Db\Seed into memory {"signature":"db:seed"} 
[2024-08-18 09:04:05] tradingio.INFO: loading command Eyika\Atom\Framework\Foundation\Console\Commands\Db\Seed into memory {"signature":"db:seed"} 
[2024-08-18 09:04:05] tradingio.INFO: loading command Eyika\Atom\Framework\Foundation\Console\Commands\Vendor\publish into memory {"signature":""} 
[2024-08-18 09:04:05] tradingio.INFO: loading command Eyika\Atom\Framework\Foundation\Console\Commands\Vendor\publish into memory {"signature":""} 
[2024-08-18 09:07:02] tradingio.INFO: loading command Eyika\Atom\Framework\Foundation\Console\Commands\Schedule\Run into memory {"signature":""} 
[2024-08-18 09:07:02] tradingio.INFO: loading command Eyika\Atom\Framework\Foundation\Console\Commands\Schedule\Run into memory {"signature":""} 
[2024-08-18 09:07:02] tradingio.INFO: loading command Eyika\Atom\Framework\Foundation\Console\Commands\Serve into memory {"signature":""} 
[2024-08-18 09:07:02] tradingio.INFO: loading command Eyika\Atom\Framework\Foundation\Console\Commands\Test into memory {"signature":""} 
[2024-08-18 09:07:02] tradingio.INFO: loading command Eyika\Atom\Framework\Foundation\Console\Commands\Make\Controller into memory {"signature":""} 
[2024-08-18 09:07:02] tradingio.INFO: loading command Eyika\Atom\Framework\Foundation\Console\Commands\Make\Model into memory {"signature":""} 
[2024-08-18 09:07:02] tradingio.INFO: loading command Eyika\Atom\Framework\Foundation\Console\Commands\Make\Seed into memory {"signature":""} 
[2024-08-18 09:07:02] tradingio.INFO: loading command Eyika\Atom\Framework\Foundation\Console\Commands\Make\Migration into memory {"signature":""} 
[2024-08-18 09:07:02] tradingio.INFO: loading command Eyika\Atom\Framework\Foundation\Console\Commands\Make\Migration into memory {"signature":""} 
[2024-08-18 09:07:02] tradingio.INFO: loading command Eyika\Atom\Framework\Foundation\Console\Commands\Queue\Work into memory {"signature":""} 
[2024-08-18 09:07:02] tradingio.INFO: loading command Eyika\Atom\Framework\Foundation\Console\Commands\Queue\Work into memory {"signature":""} 
[2024-08-18 09:07:02] tradingio.INFO: loading command Eyika\Atom\Framework\Foundation\Console\Commands\Db\Migrate into memory {"signature":"migrate"} 
[2024-08-18 09:07:02] tradingio.INFO: loading command Eyika\Atom\Framework\Foundation\Console\Commands\Db\Rollback into memory {"signature":""} 
[2024-08-18 09:07:02] tradingio.INFO: loading command Eyika\Atom\Framework\Foundation\Console\Commands\Db\Seed into memory {"signature":"db:seed"} 
[2024-08-18 09:07:02] tradingio.INFO: loading command Eyika\Atom\Framework\Foundation\Console\Commands\Db\Seed into memory {"signature":"db:seed"} 
[2024-08-18 09:07:02] tradingio.INFO: loading command Eyika\Atom\Framework\Foundation\Console\Commands\Vendor\publish into memory {"signature":""} 
[2024-08-18 09:07:02] tradingio.INFO: loading command Eyika\Atom\Framework\Foundation\Console\Commands\Vendor\publish into memory {"signature":""} 
[2024-08-18 09:08:24] tradingio.INFO: loading command Eyika\Atom\Framework\Foundation\Console\Commands\Schedule\Run into memory {"signature":""} 
[2024-08-18 09:08:24] tradingio.INFO: loading command Eyika\Atom\Framework\Foundation\Console\Commands\Schedule\Run into memory {"signature":""} 
[2024-08-18 09:08:24] tradingio.INFO: loading command Eyika\Atom\Framework\Foundation\Console\Commands\Serve into memory {"signature":""} 
[2024-08-18 09:08:24] tradingio.INFO: loading command Eyika\Atom\Framework\Foundation\Console\Commands\Test into memory {"signature":""} 
[2024-08-18 09:08:24] tradingio.INFO: loading command Eyika\Atom\Framework\Foundation\Console\Commands\Make\Controller into memory {"signature":""} 
[2024-08-18 09:08:24] tradingio.INFO: loading command Eyika\Atom\Framework\Foundation\Console\Commands\Make\Model into memory {"signature":""} 
[2024-08-18 09:08:24] tradingio.INFO: loading command Eyika\Atom\Framework\Foundation\Console\Commands\Make\Seed into memory {"signature":""} 
[2024-08-18 09:08:24] tradingio.INFO: loading command Eyika\Atom\Framework\Foundation\Console\Commands\Make\Migration into memory {"signature":""} 
[2024-08-18 09:08:24] tradingio.INFO: loading command Eyika\Atom\Framework\Foundation\Console\Commands\Make\Migration into memory {"signature":""} 
[2024-08-18 09:08:24] tradingio.INFO: loading command Eyika\Atom\Framework\Foundation\Console\Commands\Queue\Work into memory {"signature":""} 
[2024-08-18 09:08:24] tradingio.INFO: loading command Eyika\Atom\Framework\Foundation\Console\Commands\Queue\Work into memory {"signature":""} 
[2024-08-18 09:08:24] tradingio.INFO: loading command Eyika\Atom\Framework\Foundation\Console\Commands\Db\Migrate into memory {"signature":"migrate"} 
[2024-08-18 09:08:24] tradingio.INFO: loading command Eyika\Atom\Framework\Foundation\Console\Commands\Db\Rollback into memory {"signature":""} 
[2024-08-18 09:08:24] tradingio.INFO: loading command Eyika\Atom\Framework\Foundation\Console\Commands\Db\Seed into memory {"signature":"db:seed"} 
[2024-08-18 09:08:24] tradingio.INFO: loading command Eyika\Atom\Framework\Foundation\Console\Commands\Db\Seed into memory {"signature":"db:seed"} 
[2024-08-18 09:08:24] tradingio.INFO: loading command Eyika\Atom\Framework\Foundation\Console\Commands\Vendor\publish into memory {"signature":""} 
[2024-08-18 09:08:24] tradingio.INFO: loading command Eyika\Atom\Framework\Foundation\Console\Commands\Vendor\publish into memory {"signature":""} 
[2024-08-18 09:10:57] tradingio.INFO: loading command Eyika\Atom\Framework\Foundation\Console\Commands\Schedule\Run into memory {"signature":""} 
[2024-08-18 09:10:57] tradingio.INFO: loading command Eyika\Atom\Framework\Foundation\Console\Commands\Schedule\Run into memory {"signature":""} 
[2024-08-18 09:10:57] tradingio.INFO: loading command Eyika\Atom\Framework\Foundation\Console\Commands\Serve into memory {"signature":""} 
[2024-08-18 09:10:57] tradingio.INFO: loading command Eyika\Atom\Framework\Foundation\Console\Commands\Test into memory {"signature":""} 
[2024-08-18 09:10:57] tradingio.INFO: loading command Eyika\Atom\Framework\Foundation\Console\Commands\Make\Controller into memory {"signature":""} 
[2024-08-18 09:10:57] tradingio.INFO: loading command Eyika\Atom\Framework\Foundation\Console\Commands\Make\Model into memory {"signature":""} 
[2024-08-18 09:10:57] tradingio.INFO: loading command Eyika\Atom\Framework\Foundation\Console\Commands\Make\Seed into memory {"signature":""} 
[2024-08-18 09:10:57] tradingio.INFO: loading command Eyika\Atom\Framework\Foundation\Console\Commands\Make\Migration into memory {"signature":""} 
[2024-08-18 09:10:57] tradingio.INFO: loading command Eyika\Atom\Framework\Foundation\Console\Commands\Make\Migration into memory {"signature":""} 
[2024-08-18 09:10:57] tradingio.INFO: loading command Eyika\Atom\Framework\Foundation\Console\Commands\Queue\Work into memory {"signature":""} 
[2024-08-18 09:10:57] tradingio.INFO: loading command Eyika\Atom\Framework\Foundation\Console\Commands\Queue\Work into memory {"signature":""} 
[2024-08-18 09:10:57] tradingio.INFO: loading command Eyika\Atom\Framework\Foundation\Console\Commands\Db\Migrate into memory {"signature":"migrate"} 
[2024-08-18 09:10:57] tradingio.INFO: loading command Eyika\Atom\Framework\Foundation\Console\Commands\Db\Rollback into memory {"signature":""} 
[2024-08-18 09:10:57] tradingio.INFO: loading command Eyika\Atom\Framework\Foundation\Console\Commands\Db\Seed into memory {"signature":"db:seed"} 
[2024-08-18 09:10:57] tradingio.INFO: loading command Eyika\Atom\Framework\Foundation\Console\Commands\Db\Seed into memory {"signature":"db:seed"} 
[2024-08-18 09:10:57] tradingio.INFO: loading command Eyika\Atom\Framework\Foundation\Console\Commands\Vendor\publish into memory {"signature":""} 
[2024-08-18 09:10:57] tradingio.INFO: loading command Eyika\Atom\Framework\Foundation\Console\Commands\Vendor\publish into memory {"signature":""} 
